<?xml version="1.0" encoding="UTF-8"?>
<!-- Generated by org.testng.reporters.JUnitReportReporter -->
<testsuite hostname="Gopis-MacBook-Pro-2.local" failures="0" tests="3" name="testngprogrammes.DependsOnMethodsAndparametersTest" time="11.051" errors="0" timestamp="2022-04-27T20:21:55 AEST" skipped="0">
  <testcase classname="testngprogrammes.DependsOnMethodsAndparametersTest" name="doLoginTest" time="8.259"/>
  <system-out>
    <![CDATA[Started executing the doLoginTest()....
Verify the Sign in Header text
type the username in username edibtox
type the pasword in passowrd edibtox
click on login button
wait for the page tile- Feed | LinkedIn]]>
  </system-out>
  <testcase classname="testngprogrammes.DependsOnMethodsAndparametersTest" name="linkedinHomePageTest" time="2.240"/>
  <system-out>
    <![CDATA[open the url in browser
wait and verify the LinkedIn: Log In or Sign Up page title
Click on Signin link in Linkedin Home page ]]>
  </system-out>
  <testcase classname="testngprogrammes.DependsOnMethodsAndparametersTest" name="doLogoutTest" time="0.552"/>
  <system-out>
    <![CDATA[Started executing the doLogoutTest()...
wait for the profile image icon
click on profile image icon
click on logout link]]>
  </system-out>
</testsuite> <!-- testngprogrammes.DependsOnMethodsAndparametersTest -->
