<?xml version="1.0" encoding="UTF-8"?>
<!-- Generated by org.testng.reporters.JUnitReportReporter -->
<testsuite hostname="Gopi.local" failures="0" tests="3" name="testngprogrammes.GoogleSearchTestNG" time="30.822" errors="0" timestamp="2022-05-19T12:16:46 AEST" skipped="0">
  <testcase classname="testngprogrammes.GoogleSearchTestNG" name="searchTest" time="14.274"/>
  <system-out>
    <![CDATA[Started executing the searchTest method for keyword:  UFI
type theUFIkeyword in search editbox
submit on the search editbox
verify the search results page title - Google Search
verify the search results count text is present in the webpage or not.//div[@id='result-stats']
fetch the search results count text and extract the only count from search results count text
search result text forUFI   is   About 17,100,000 results (0.46 seconds) 
search result count for  UFI  is  :17,100,000
search result count for  UFI  in primitive format:  17100000
End of searchTest() for:  UFI  completed]]>
  </system-out>
  <testcase classname="testngprogrammes.GoogleSearchTestNG" name="searchTest" time="7.049"/>
  <system-out>
    <![CDATA[Started executing the searchTest method for keyword:  cucumber
type thecucumberkeyword in search editbox
submit on the search editbox
verify the search results page title - Google Search
verify the search results count text is present in the webpage or not.//div[@id='result-stats']
fetch the search results count text and extract the only count from search results count text
search result text forcucumber   is   About 341,000,000 results (0.41 seconds) 
search result count for  cucumber  is  :341,000,000
search result count for  cucumber  in primitive format:  341000000
End of searchTest() for:  cucumber  completed]]>
  </system-out>
  <testcase classname="testngprogrammes.GoogleSearchTestNG" name="searchTest" time="9.499"/>
  <system-out>
    <![CDATA[Started executing the searchTest method for keyword:  selenium
type theseleniumkeyword in search editbox
submit on the search editbox
verify the search results page title - Google Search
verify the search results count text is present in the webpage or not.//div[@id='result-stats']
fetch the search results count text and extract the only count from search results count text
search result text forselenium   is   About 67,000,000 results (0.49 seconds) 
search result count for  selenium  is  :67,000,000
search result count for  selenium  in primitive format:  67000000
End of searchTest() for:  selenium  completed]]>
  </system-out>
</testsuite> <!-- testngprogrammes.GoogleSearchTestNG -->
