<?xml version="1.0" encoding="UTF-8"?>
<!-- Generated by org.testng.reporters.JUnitReportReporter -->
<testsuite hostname="Gopis-MacBook-Pro-2.local" failures="0" tests="1" name="testngprogrammes.ZKDemoTest" time="16.910" errors="0" timestamp="2022-04-26T11:31:58 AEST" skipped="0">
  <testcase classname="testngprogrammes.ZKDemoTest" name="tweetPopupTest" time="16.910"/>
  <system-out>
    <![CDATA[Started Executing tweetPopupTest().....
click on Date and Time Picker link
wait for the page title---ZK Live Demo - Radio Button
switch to the iframe
click on tweet button
fetch all the window ids
****************End of tweetPopup***************************]]>
  </system-out>
</testsuite> <!-- testngprogrammes.ZKDemoTest -->
