<?xml version="1.0" encoding="UTF-8"?>
<!-- Generated by org.testng.reporters.JUnitReportReporter -->
<testsuite hostname="Gopis-MacBook-Pro-2.local" failures="0" tests="1" name="testngprogrammes.GoogleSuggestionTest" time="40.720" errors="0" timestamp="2022-04-27T20:21:55 AEST" skipped="0">
  <testcase classname="testngprogrammes.GoogleSuggestionTest" name="googleSuggestionTest" time="40.720"/>
  <system-out/>
</testsuite> <!-- testngprogrammes.GoogleSuggestionTest -->
