<?xml version="1.0" encoding="UTF-8"?>
<!-- Generated by org.testng.reporters.JUnitReportReporter -->
<testsuite hostname="Gopis-MacBook-Pro-2.local" failures="0" tests="1" name="testngprogrammes.GoogleSuggestionAvailabilityCheckTest" time="4.369" errors="0" timestamp="2022-04-27T20:21:55 AEST" skipped="0">
  <testcase classname="testngprogrammes.GoogleSuggestionAvailabilityCheckTest" name="googleSuggestionAvailabilitycheckTest" time="4.369"/>
  <system-out>
    <![CDATA[open the url in browser
wait and verify the Google page title
type selenium keyword in search edibtox]]>
  </system-out>
</testsuite> <!-- testngprogrammes.GoogleSuggestionAvailabilityCheckTest -->
